Determining if the pthread_create exist failed with the following output:
Change Dir: /home/chris-gagoude/Documents/Parallelisme/ProjetPrograPara/src/CMakeFiles/CMakeTmp

Run Build Command:"/usr/bin/make" "cmTC_5ee2b/fast"
/usr/bin/make -f CMakeFiles/cmTC_5ee2b.dir/build.make CMakeFiles/cmTC_5ee2b.dir/build
make[1]: Entering directory '/home/chris-gagoude/Documents/Parallelisme/ProjetPrograPara/src/CMakeFiles/CMakeTmp'
Building C object CMakeFiles/cmTC_5ee2b.dir/CheckSymbolExists.c.o
/usr/bin/cc     -o CMakeFiles/cmTC_5ee2b.dir/CheckSymbolExists.c.o   -c /home/chris-gagoude/Documents/Parallelisme/ProjetPrograPara/src/CMakeFiles/CMakeTmp/CheckSymbolExists.c
Linking C executable cmTC_5ee2b
/usr/bin/cmake -E cmake_link_script CMakeFiles/cmTC_5ee2b.dir/link.txt --verbose=1
/usr/bin/cc       CMakeFiles/cmTC_5ee2b.dir/CheckSymbolExists.c.o  -o cmTC_5ee2b -rdynamic 
CMakeFiles/cmTC_5ee2b.dir/CheckSymbolExists.c.o: In function `main':
CheckSymbolExists.c:(.text+0x16): undefined reference to `pthread_create'
collect2: error: ld returned 1 exit status
CMakeFiles/cmTC_5ee2b.dir/build.make:97: recipe for target 'cmTC_5ee2b' failed
make[1]: *** [cmTC_5ee2b] Error 1
make[1]: Leaving directory '/home/chris-gagoude/Documents/Parallelisme/ProjetPrograPara/src/CMakeFiles/CMakeTmp'
Makefile:126: recipe for target 'cmTC_5ee2b/fast' failed
make: *** [cmTC_5ee2b/fast] Error 2

File /home/chris-gagoude/Documents/Parallelisme/ProjetPrograPara/src/CMakeFiles/CMakeTmp/CheckSymbolExists.c:
/* */
#include <pthread.h>

int main(int argc, char** argv)
{
  (void)argv;
#ifndef pthread_create
  return ((int*)(&pthread_create))[argc];
#else
  (void)argc;
  return 0;
#endif
}

Determining if the function pthread_create exists in the pthreads failed with the following output:
Change Dir: /home/chris-gagoude/Documents/Parallelisme/ProjetPrograPara/src/CMakeFiles/CMakeTmp

Run Build Command:"/usr/bin/make" "cmTC_efd12/fast"
/usr/bin/make -f CMakeFiles/cmTC_efd12.dir/build.make CMakeFiles/cmTC_efd12.dir/build
make[1]: Entering directory '/home/chris-gagoude/Documents/Parallelisme/ProjetPrograPara/src/CMakeFiles/CMakeTmp'
Building C object CMakeFiles/cmTC_efd12.dir/CheckFunctionExists.c.o
/usr/bin/cc    -DCHECK_FUNCTION_EXISTS=pthread_create   -o CMakeFiles/cmTC_efd12.dir/CheckFunctionExists.c.o   -c /usr/share/cmake-3.5/Modules/CheckFunctionExists.c
Linking C executable cmTC_efd12
/usr/bin/cmake -E cmake_link_script CMakeFiles/cmTC_efd12.dir/link.txt --verbose=1
/usr/bin/cc   -DCHECK_FUNCTION_EXISTS=pthread_create    CMakeFiles/cmTC_efd12.dir/CheckFunctionExists.c.o  -o cmTC_efd12 -rdynamic -lpthreads 
/usr/bin/ld: cannot find -lpthreads
collect2: error: ld returned 1 exit status
CMakeFiles/cmTC_efd12.dir/build.make:97: recipe for target 'cmTC_efd12' failed
make[1]: *** [cmTC_efd12] Error 1
make[1]: Leaving directory '/home/chris-gagoude/Documents/Parallelisme/ProjetPrograPara/src/CMakeFiles/CMakeTmp'
Makefile:126: recipe for target 'cmTC_efd12/fast' failed
make: *** [cmTC_efd12/fast] Error 2


